# JRE version: Java(TM) SE Runtime Environment (8.0_191-b12) (build 1.8.0_191-b12)
# Java VM: Java HotSpot(TM) 64-Bit Server VM (25.191-b12 mixed mode windows-amd64 compressed oops)
Heap:
 PSYoungGen      total 137728K, used 63097K [0x00000000f5580000, 0x0000000100000000, 0x0000000100000000)
  eden space 100864K, 26% used [0x00000000f5580000,0x00000000f6f24928,0x00000000fb800000)
  from space 36864K, 99% used [0x00000000fb800000,0x00000000fdbf9d30,0x00000000fdc00000)
  to   space 36864K, 0% used [0x00000000fdc00000,0x00000000fdc00000,0x0000000100000000)
 ParOldGen       total 86016K, used 67521K [0x00000000e0000000, 0x00000000e5400000, 0x00000000f5580000)
  object space 86016K, 78% used [0x00000000e0000000,0x00000000e41f0430,0x00000000e5400000)
 Metaspace       used 19608K, capacity 19856K, committed 20224K, reserved 1067008K
  class space    used 2392K, capacity 2477K, committed 2560K, reserved 1048576K
GC Heap History (10 events):
Event: 4.213 GC heap before
{Heap before GC invocations=5 (full 0):
 PSYoungGen      total 70656K, used 70642K [0x00000000f5580000, 0x00000000f9f80000, 0x0000000100000000)
  eden space 65536K, 100% used [0x00000000f5580000,0x00000000f9580000,0x00000000f9580000)
  from space 5120K, 99% used [0x00000000f9a80000,0x00000000f9f7c840,0x00000000f9f80000)
  to   space 5120K, 0% used [0x00000000f9580000,0x00000000f9580000,0x00000000f9a80000)
 ParOldGen       total 86016K, used 19983K [0x00000000e0000000, 0x00000000e5400000, 0x00000000f5580000)
  object space 86016K, 23% used [0x00000000e0000000,0x00000000e1383e20,0x00000000e5400000)
 Metaspace       used 13465K, capacity 13704K, committed 14080K, reserved 1060864K
  class space    used 1602K, capacity 1672K, committed 1792K, reserved 1048576K
Event: 4.232 GC heap after
Heap after GC invocations=5 (full 0):
 PSYoungGen      total 70656K, used 5090K [0x00000000f5580000, 0x00000000ffd80000, 0x0000000100000000)
  eden space 65536K, 0% used [0x00000000f5580000,0x00000000f5580000,0x00000000f9580000)
  from space 5120K, 99% used [0x00000000f9580000,0x00000000f9a78850,0x00000000f9a80000)
  to   space 20480K, 0% used [0x00000000fe980000,0x00000000fe980000,0x00000000ffd80000)
 ParOldGen       total 86016K, used 34067K [0x00000000e0000000, 0x00000000e5400000, 0x00000000f5580000)
  object space 86016K, 39% used [0x00000000e0000000,0x00000000e2144f18,0x00000000e5400000)
 Metaspace       used 13465K, capacity 13704K, committed 14080K, reserved 1060864K
  class space    used 1602K, capacity 1672K, committed 1792K, reserved 1048576K
}
Event: 372.244 GC heap before
{Heap before GC invocations=6 (full 0):
 PSYoungGen      total 70656K, used 70626K [0x00000000f5580000, 0x00000000ffd80000, 0x0000000100000000)
  eden space 65536K, 100% used [0x00000000f5580000,0x00000000f9580000,0x00000000f9580000)
  from space 5120K, 99% used [0x00000000f9580000,0x00000000f9a78850,0x00000000f9a80000)
  to   space 20480K, 0% used [0x00000000fe980000,0x00000000fe980000,0x00000000ffd80000)
 ParOldGen       total 86016K, used 34067K [0x00000000e0000000, 0x00000000e5400000, 0x00000000f5580000)
  object space 86016K, 39% used [0x00000000e0000000,0x00000000e2144f18,0x00000000e5400000)
 Metaspace       used 13533K, capacity 13716K, committed 14080K, reserved 1060864K
  class space    used 1605K, capacity 1674K, committed 1792K, reserved 1048576K
Event: 372.259 GC heap after
Heap after GC invocations=6 (full 0):
 PSYoungGen      total 150528K, used 13108K [0x00000000f5580000, 0x00000000ffc80000, 0x0000000100000000)
  eden space 131072K, 0% used [0x00000000f5580000,0x00000000f5580000,0x00000000fd580000)
  from space 19456K, 67% used [0x00000000fe980000,0x00000000ff64d070,0x00000000ffc80000)
  to   space 19968K, 0% used [0x00000000fd580000,0x00000000fd580000,0x00000000fe900000)
 ParOldGen       total 86016K, used 34067K [0x00000000e0000000, 0x00000000e5400000, 0x00000000f5580000)
  object space 86016K, 39% used [0x00000000e0000000,0x00000000e2144f18,0x00000000e5400000)
 Metaspace       used 13533K, capacity 13716K, committed 14080K, reserved 1060864K
  class space    used 1605K, capacity 1674K, committed 1792K, reserved 1048576K
}
Event: 372.762 GC heap before
{Heap before GC invocations=7 (full 0):
 PSYoungGen      total 150528K, used 144180K [0x00000000f5580000, 0x00000000ffc80000, 0x0000000100000000)
  eden space 131072K, 100% used [0x00000000f5580000,0x00000000fd580000,0x00000000fd580000)
  from space 19456K, 67% used [0x00000000fe980000,0x00000000ff64d070,0x00000000ffc80000)
  to   space 19968K, 0% used [0x00000000fd580000,0x00000000fd580000,0x00000000fe900000)
 ParOldGen       total 86016K, used 34067K [0x00000000e0000000, 0x00000000e5400000, 0x00000000f5580000)
  object space 86016K, 39% used [0x00000000e0000000,0x00000000e2144f18,0x00000000e5400000)
 Metaspace       used 13643K, capacity 13874K, committed 14080K, reserved 1060864K
  class space    used 1608K, capacity 1679K, committed 1792K, reserved 1048576K
Event: 372.808 GC heap after
Heap after GC invocations=7 (full 0):
 PSYoungGen      total 151040K, used 19955K [0x00000000f5580000, 0x0000000100000000, 0x0000000100000000)
  eden space 131072K, 0% used [0x00000000f5580000,0x00000000f5580000,0x00000000fd580000)
  from space 19968K, 99% used [0x00000000fd580000,0x00000000fe8fce78,0x00000000fe900000)
  to   space 23552K, 0% used [0x00000000fe900000,0x00000000fe900000,0x0000000100000000)
 ParOldGen       total 86016K, used 47785K [0x00000000e0000000, 0x00000000e5400000, 0x00000000f5580000)
  object space 86016K, 55% used [0x00000000e0000000,0x00000000e2eaa540,0x00000000e5400000)
 Metaspace       used 13643K, capacity 13874K, committed 14080K, reserved 1060864K
  class space    used 1608K, capacity 1679K, committed 1792K, reserved 1048576K
}
Event: 1184.000 GC heap before
{Heap before GC invocations=8 (full 0):
 PSYoungGen      total 151040K, used 151027K [0x00000000f5580000, 0x0000000100000000, 0x0000000100000000)
  eden space 131072K, 100% used [0x00000000f5580000,0x00000000fd580000,0x00000000fd580000)
  from space 19968K, 99% used [0x00000000fd580000,0x00000000fe8fce78,0x00000000fe900000)
  to   space 23552K, 0% used [0x00000000fe900000,0x00000000fe900000,0x0000000100000000)
 ParOldGen       total 86016K, used 47785K [0x00000000e0000000, 0x00000000e5400000, 0x00000000f5580000)
  object space 86016K, 55% used [0x00000000e0000000,0x00000000e2eaa540,0x00000000e5400000)
 Metaspace       used 13700K, capacity 13938K, committed 14080K, reserved 1060864K
  class space    used 1608K, capacity 1679K, committed 1792K, reserved 1048576K
Event: 1184.028 GC heap after
Heap after GC invocations=8 (full 0):
 PSYoungGen      total 124416K, used 23544K [0x00000000f5580000, 0x0000000100000000, 0x0000000100000000)
  eden space 100864K, 0% used [0x00000000f5580000,0x00000000f5580000,0x00000000fb800000)
  from space 23552K, 99% used [0x00000000fe900000,0x00000000ffffe008,0x0000000100000000)
  to   space 36864K, 0% used [0x00000000fb800000,0x00000000fb800000,0x00000000fdc00000)
 ParOldGen       total 86016K, used 60146K [0x00000000e0000000, 0x00000000e5400000, 0x00000000f5580000)
  object space 86016K, 69% used [0x00000000e0000000,0x00000000e3abc910,0x00000000e5400000)
 Metaspace       used 13700K, capacity 13938K, committed 14080K, reserved 1060864K
  class space    used 1608K, capacity 1679K, committed 1792K, reserved 1048576K
}
Event: 1184.369 GC heap before
{Heap before GC invocations=9 (full 0):
 PSYoungGen      total 124416K, used 124408K [0x00000000f5580000, 0x0000000100000000, 0x0000000100000000)
  eden space 100864K, 100% used [0x00000000f5580000,0x00000000fb800000,0x00000000fb800000)
  from space 23552K, 99% used [0x00000000fe900000,0x00000000ffffe008,0x0000000100000000)
  to   space 36864K, 0% used [0x00000000fb800000,0x00000000fb800000,0x00000000fdc00000)
 ParOldGen       total 86016K, used 60146K [0x00000000e0000000, 0x00000000e5400000, 0x00000000f5580000)
  object space 86016K, 69% used [0x00000000e0000000,0x00000000e3abc910,0x00000000e5400000)
 Metaspace       used 13783K, capacity 13956K, committed 14080K, reserved 1060864K
  class space    used 1609K, capacity 1682K, committed 1792K, reserved 1048576K
Event: 1184.395 GC heap after
Heap after GC invocations=9 (full 0):
 PSYoungGen      total 137728K, used 36839K [0x00000000f5580000, 0x0000000100000000, 0x0000000100000000)
  eden space 100864K, 0% used [0x00000000f5580000,0x00000000f5580000,0x00000000fb800000)
  from space 36864K, 99% used [0x00000000fb800000,0x00000000fdbf9d30,0x00000000fdc00000)
  to   space 36864K, 0% used [0x00000000fdc00000,0x00000000fdc00000,0x0000000100000000)
 ParOldGen       total 86016K, used 67521K [0x00000000e0000000, 0x00000000e5400000, 0x00000000f5580000)
  object space 86016K, 78% used [0x00000000e0000000,0x00000000e41f0430,0x00000000e5400000)
 Metaspace       used 13783K, capacity 13956K, committed 14080K, reserved 1060864K
  class space    used 1609K, capacity 1682K, committed 1792K, reserved 1048576K
}

